<?xml version="1.0" encoding="UTF-8"?>
<testsuite name="math.MathApplicationTester" tests="7" skipped="0" failures="0" errors="0" timestamp="2018-09-24T03:57:25" hostname="bwdeMacBook-Pro.local" time="0.015">
  <properties/>
  <testcase name="testAdd" classname="math.MathApplicationTester" time="0.001"/>
  <testcase name="testDiv" classname="math.MathApplicationTester" time="0.001"/>
  <testcase name="testMul" classname="math.MathApplicationTester" time="0.0"/>
  <testcase name="testSub" classname="math.MathApplicationTester" time="0.0"/>
  <testcase name="testAddWithExpectCallTimes" classname="math.MathApplicationTester" time="0.001"/>
  <testcase name="testAddWithExceptionHandling" classname="math.MathApplicationTester" time="0.005"/>
  <testcase name="testAddWithVaryingCalls" classname="math.MathApplicationTester" time="0.004"/>
  <system-out><![CDATA[]]></system-out>
  <system-err><![CDATA[]]></system-err>
</testsuite>
